--------------------------------------------------------------------------------
Release 13.2 Trace  (nt)
Copyright (c) 1995-2011 Xilinx, Inc.  All rights reserved.

C:\Xilinx\13.2\ISE_DS\ISE\bin\nt\unwrapped\trce.exe -intstyle ise -v 3 -s 4 -n
3 -fastpaths -xml top.twx top.ncd -o top.twr top.pcf

Design file:              top.ncd
Physical constraint file: top.pcf
Device,package,speed:     xc3s100e,tq144,-4 (PRODUCTION 1.27 2011-06-20)
Report level:             verbose report

Environment Variable      Effect 
--------------------      ------ 
NONE                      No environment variables were set
--------------------------------------------------------------------------------

INFO:Timing:2698 - No timing constraints found, doing default enumeration.
INFO:Timing:2752 - To get complete path coverage, use the unconstrained paths 
   option. All paths that are not constrained will be reported in the 
   unconstrained paths section(s) of the report.
INFO:Timing:3339 - The clock-to-out numbers in this timing report are based on 
   a 50 Ohm transmission line loading model.  For the details of this model, 
   and for more information on accounting for different loading conditions, 
   please see the device datasheet.
INFO:Timing:3390 - This architecture does not support a default System Jitter 
   value, please add SYSTEM_JITTER constraint to the UCF to modify the Clock 
   Uncertainty calculation.
INFO:Timing:3389 - This architecture does not support 'Discrete Jitter' and 
   'Phase Error' calculations, these terms will be zero in the Clock 
   Uncertainty calculation.  Please make appropriate modification to 
   SYSTEM_JITTER to account for the unsupported Discrete Jitter and Phase 
   Error.



Data Sheet report:
-----------------
All values displayed in nanoseconds (ns)

Pad to Pad
---------------+---------------+---------+
Source Pad     |Destination Pad|  Delay  |
---------------+---------------+---------+
data_in<0>     |data_out<0>    |    4.838|
data_in<1>     |data_out<1>    |    4.815|
data_in<2>     |data_out<2>    |    4.822|
data_in<3>     |data_out<3>    |    4.853|
data_in<4>     |data_out<4>    |    4.835|
data_in<5>     |data_out<5>    |    4.807|
data_in<6>     |data_out<6>    |    4.835|
data_in<7>     |data_out<7>    |    4.822|
data_in<8>     |data_out<8>    |    4.853|
data_in<9>     |data_out<9>    |    4.815|
data_in<10>    |data_out<10>   |    4.835|
data_in<11>    |data_out<11>   |    4.835|
data_in<12>    |data_out<12>   |    4.807|
data_in<13>    |data_out<13>   |    4.853|
data_in<14>    |data_out<14>   |    4.792|
data_in<15>    |data_out<15>   |    4.815|
data_in<16>    |data_out<16>   |    4.853|
data_in<17>    |data_out<17>   |    4.827|
data_in<18>    |data_out<18>   |    4.807|
data_in<19>    |data_out<19>   |    4.853|
data_in<20>    |data_out<20>   |    4.807|
data_in<21>    |data_out<21>   |    4.815|
data_in<22>    |data_out<22>   |    4.815|
data_in<23>    |data_out<23>   |    4.853|
data_in<24>    |data_out<24>   |    4.853|
data_in<25>    |data_out<25>   |    4.818|
data_in<26>    |data_out<26>   |    4.792|
data_in<27>    |data_out<27>   |    4.807|
data_in<28>    |data_out<28>   |    4.793|
data_in<29>    |data_out<29>   |    4.807|
data_in<30>    |data_out<30>   |    4.838|
data_in<31>    |data_out<31>   |    4.792|
---------------+---------------+---------+


Analysis completed Mon Apr 16 15:38:28 2012 
--------------------------------------------------------------------------------

Trace Settings:
-------------------------
Trace Settings 

Peak Memory Usage: 98 MB



