Release 13.2 - xst O.61xd (nt)
Copyright (c) 1995-2011 Xilinx, Inc.  All rights reserved.
--> Parameter TMPDIR set to xst/projnav.tmp


Total REAL time to Xst completion: 2.00 secs
Total CPU time to Xst completion: 2.38 secs
 
--> Parameter xsthdpdir set to xst


Total REAL time to Xst completion: 2.00 secs
Total CPU time to Xst completion: 2.38 secs
 
--> Reading design: top.prj

TABLE OF CONTENTS
  1) Synthesis Options Summary
  2) HDL Compilation
  3) Design Hierarchy Analysis
  4) HDL Analysis
  5) HDL Synthesis
     5.1) HDL Synthesis Report
  6) Advanced HDL Synthesis
     6.1) Advanced HDL Synthesis Report
  7) Low Level Synthesis
  8) Partition Report
  9) Final Report
	9.1) Device utilization summary
	9.2) Partition Resource Summary
	9.3) TIMING REPORT


=========================================================================
*                      Synthesis Options Summary                        *
=========================================================================
---- Source Parameters
Input File Name                    : "top.prj"
Input Format                       : mixed
Ignore Synthesis Constraint File   : NO

---- Target Parameters
Output File Name                   : "top"
Output Format                      : NGC
Target Device                      : xc3s100e-4-tq144

---- Source Options
Top Module Name                    : top
Automatic FSM Extraction           : YES
FSM Encoding Algorithm             : Auto
Safe Implementation                : No
FSM Style                          : LUT
RAM Extraction                     : Yes
RAM Style                          : Auto
ROM Extraction                     : Yes
Mux Style                          : Auto
Decoder Extraction                 : YES
Priority Encoder Extraction        : Yes
Shift Register Extraction          : YES
Logical Shifter Extraction         : YES
XOR Collapsing                     : YES
ROM Style                          : Auto
Mux Extraction                     : Yes
Resource Sharing                   : YES
Asynchronous To Synchronous        : NO
Multiplier Style                   : Auto
Automatic Register Balancing       : No

---- Target Options
Add IO Buffers                     : YES
Global Maximum Fanout              : 500
Add Generic Clock Buffer(BUFG)     : 24
Register Duplication               : YES
Slice Packing                      : YES
Optimize Instantiated Primitives   : NO
Use Clock Enable                   : Yes
Use Synchronous Set                : Yes
Use Synchronous Reset              : Yes
Pack IO Registers into IOBs        : Auto
Equivalent register Removal        : YES

---- General Options
Optimization Goal                  : Speed
Optimization Effort                : 1
Keep Hierarchy                     : No
Netlist Hierarchy                  : As_Optimized
RTL Output                         : Yes
Global Optimization                : AllClockNets
Read Cores                         : YES
Write Timing Constraints           : NO
Cross Clock Analysis               : NO
Hierarchy Separator                : /
Bus Delimiter                      : <>
Case Specifier                     : Maintain
Slice Utilization Ratio            : 100
BRAM Utilization Ratio             : 100
Verilog 2001                       : YES
Auto BRAM Packing                  : NO
Slice Utilization Ratio Delta      : 5

=========================================================================


=========================================================================
*                          HDL Compilation                              *
=========================================================================
Compiling vhdl file "C:/ece587/bsc/mux2_1.vhd" in Library work.
Architecture behavioral of Entity mux2_1 is up to date.
Compiling vhdl file "C:/ece587/bsc/bsc.vhd" in Library work.
Entity <bsc> compiled.
Entity <bsc> (Architecture <behavioral>) compiled.
Compiling vhdl file "C:/ece587/bsc/top.vhd" in Library work.
Architecture behavioral of Entity top is up to date.

=========================================================================
*                     Design Hierarchy Analysis                         *
=========================================================================
Analyzing hierarchy for entity <top> in library <work> (architecture <behavioral>).

Analyzing hierarchy for entity <bsc> in library <work> (architecture <behavioral>).

Analyzing hierarchy for entity <mux2_1> in library <work> (architecture <behavioral>).


=========================================================================
*                            HDL Analysis                               *
=========================================================================
Analyzing Entity <top> in library <work> (Architecture <behavioral>).
Entity <top> analyzed. Unit <top> generated.

Analyzing Entity <bsc> in library <work> (Architecture <behavioral>).
Entity <bsc> analyzed. Unit <bsc> generated.

Analyzing Entity <mux2_1> in library <work> (Architecture <behavioral>).
INFO:Xst:1561 - "C:/ece587/bsc/mux2_1.vhd" line 47: Mux is complete : default of case is discarded
Entity <mux2_1> analyzed. Unit <mux2_1> generated.


=========================================================================
*                           HDL Synthesis                               *
=========================================================================

Performing bidirectional port resolution...

Synthesizing Unit <mux2_1>.
    Related source file is "C:/ece587/bsc/mux2_1.vhd".
Unit <mux2_1> synthesized.


Synthesizing Unit <bsc>.
    Related source file is "C:/ece587/bsc/bsc.vhd".
    Found 1-bit xor33 for signal <d_t31>.
    Found 1-bit xor32 for signal <e_t30>.
    Found 1-bit register for signal <prev_state<0>>.
    Summary:
	inferred   1 D-type flip-flop(s).
	inferred   2 Xor(s).
Unit <bsc> synthesized.


Synthesizing Unit <top>.
    Related source file is "C:/ece587/bsc/top.vhd".
    Found 32-bit xor2 for signal <verif>.
Unit <top> synthesized.


=========================================================================
HDL Synthesis Report

Macro Statistics
# Registers                                            : 1
 1-bit register                                        : 1
# Xors                                                 : 3
 1-bit xor32                                           : 1
 1-bit xor33                                           : 1
 32-bit xor2                                           : 1

=========================================================================

=========================================================================
*                       Advanced HDL Synthesis                          *
=========================================================================


=========================================================================
Advanced HDL Synthesis Report

Macro Statistics
# Registers                                            : 1
 Flip-Flops                                            : 1
# Xors                                                 : 3
 1-bit xor32                                           : 1
 1-bit xor33                                           : 1
 32-bit xor2                                           : 1

=========================================================================

=========================================================================
*                         Low Level Synthesis                           *
=========================================================================

Optimizing unit <top> ...

Optimizing unit <bsc> ...
WARNING:Xst:2677 - Node <prev_state_0> of sequential type is unconnected in block <bsc>.
WARNING:Xst:2677 - Node <prev_state_0> of sequential type is unconnected in block <bsc>.

Mapping all equations...
Building and optimizing final netlist ...
Found area constraint ratio of 100 (+ 5) on block top, actual ratio is 0.

Final Macro Processing ...

=========================================================================
Final Register Report

Found no macro
=========================================================================

=========================================================================
*                           Partition Report                            *
=========================================================================

Partition Implementation Status
-------------------------------

  No Partitions were found in this design.

-------------------------------

=========================================================================
*                            Final Report                               *
=========================================================================
Final Results
RTL Top Level Output File Name     : top.ngr
Top Level Output File Name         : top
Output Format                      : NGC
Optimization Goal                  : Speed
Keep Hierarchy                     : No

Design Statistics
# IOs                              : 98

Cell Usage :
# BELS                             : 1
#      GND                         : 1
# IO Buffers                       : 96
#      IBUF                        : 32
#      OBUF                        : 64
=========================================================================

Device utilization summary:
---------------------------

Selected Device : 3s100etq144-4 

 Number of Slices:                        0  out of    960     0%  
 Number of IOs:                          98
 Number of bonded IOBs:                  96  out of    108    88%  

---------------------------
Partition Resource Summary:
---------------------------

  No Partitions were found in this design.

---------------------------


=========================================================================
TIMING REPORT

NOTE: THESE TIMING NUMBERS ARE ONLY A SYNTHESIS ESTIMATE.
      FOR ACCURATE TIMING INFORMATION PLEASE REFER TO THE TRACE REPORT
      GENERATED AFTER PLACE-and-ROUTE.

Clock Information:
------------------
No clock signals found in this design

Asynchronous Control Signals Information:
----------------------------------------
No asynchronous control signals found in this design

Timing Summary:
---------------
Speed Grade: -4

   Minimum period: No path found
   Minimum input arrival time before clock: No path found
   Maximum output required time after clock: No path found
   Maximum combinational path delay: 4.910ns

Timing Detail:
--------------
All values displayed in nanoseconds (ns)

=========================================================================
Timing constraint: Default path analysis
  Total number of paths / destination ports: 32 / 32
-------------------------------------------------------------------------
Delay:               4.910ns (Levels of Logic = 2)
  Source:            data_in<31> (PAD)
  Destination:       data_out<31> (PAD)

  Data Path: data_in<31> to data_out<31>
                                Gate     Net
    Cell:in->out      fanout   Delay   Delay  Logical Name (Net Name)
    ----------------------------------------  ------------
     IBUF:I->O             1   1.218   0.420  data_in_31_IBUF (data_in_31_IBUF)
     OBUF:I->O                 3.272          data_out_31_OBUF (data_out<31>)
    ----------------------------------------
    Total                      4.910ns (4.490ns logic, 0.420ns route)
                                       (91.4% logic, 8.6% route)

=========================================================================


Total REAL time to Xst completion: 8.00 secs
Total CPU time to Xst completion: 8.63 secs
 
--> 

Total memory usage is 160660 kilobytes

Number of errors   :    0 (   0 filtered)
Number of warnings :    2 (   0 filtered)
Number of infos    :    1 (   0 filtered)

